<?xml version="1.0" encoding="UTF-8"?>
<testsuite name="com.bridgelabz.employeepayrollservicetest.NIOFileAPITest" tests="1" skipped="0" failures="0" errors="0" timestamp="2021-03-30T13:31:41" hostname="LAPTOP-VA1S61KV" time="0.101">
  <properties/>
  <testcase name="givenPathWhenCheckedThenConfirm()" classname="com.bridgelabz.employeepayrollservicetest.NIOFileAPITest" time="0.101"/>
  <system-out><![CDATA[C:\Users\kalam\IdeaProjects\EmployeePayrollService
C:\Users\kalam\IdeaProjects\EmployeePayrollService\TempPlayGround\temp1
C:\Users\kalam\IdeaProjects\EmployeePayrollService\TempPlayGround\temp2
C:\Users\kalam\IdeaProjects\EmployeePayrollService\TempPlayGround\temp3
C:\Users\kalam\IdeaProjects\EmployeePayrollService\TempPlayGround\temp4
C:\Users\kalam\IdeaProjects\EmployeePayrollService\TempPlayGround\temp5
C:\Users\kalam\IdeaProjects\EmployeePayrollService\TempPlayGround\temp6
C:\Users\kalam\IdeaProjects\EmployeePayrollService\TempPlayGround\temp7
C:\Users\kalam\IdeaProjects\EmployeePayrollService\TempPlayGround\temp8
C:\Users\kalam\IdeaProjects\EmployeePayrollService\TempPlayGround\temp9
C:\Users\kalam\IdeaProjects\EmployeePayrollService\TempPlayGround\temp1
C:\Users\kalam\IdeaProjects\EmployeePayrollService\TempPlayGround\temp2
C:\Users\kalam\IdeaProjects\EmployeePayrollService\TempPlayGround\temp3
C:\Users\kalam\IdeaProjects\EmployeePayrollService\TempPlayGround\temp4
C:\Users\kalam\IdeaProjects\EmployeePayrollService\TempPlayGround\temp5
C:\Users\kalam\IdeaProjects\EmployeePayrollService\TempPlayGround\temp6
C:\Users\kalam\IdeaProjects\EmployeePayrollService\TempPlayGround\temp7
C:\Users\kalam\IdeaProjects\EmployeePayrollService\TempPlayGround\temp8
C:\Users\kalam\IdeaProjects\EmployeePayrollService\TempPlayGround\temp9
]]></system-out>
  <system-err><![CDATA[]]></system-err>
</testsuite>
